INFO     root:conftest.py:184 === Starting test_get_roles Test ===
INFO     root:conftest.py:185 API Response: 401 | 
INFO     root:conftest.py:191 Test 'test_get_roles' FAILED.
ERROR    root:conftest.py:192 API response status code: 401
assert 401 in [200, 201, 202, 203, 204, 205]
 +  where 401 = <Response [401]>.status_code
Traceback (most recent call last):
  File "/home/runner/work/qa-nerd-core-backend/qa-nerd-core-backend/conftest.py", line 189, in api_response_conditions
    assert response.status_code in allowed_status_codes, f"API response status code: {response.status_code}"
AssertionError: API response status code: 401
assert 401 in [200, 201, 202, 203, 204, 205]
 +  where 401 = <Response [401]>.status_code