{
  "uid" : "11e6db0a7c29a5fd",
  "name" : "test_delete_new_user",
  "fullName" : "tests.test_new_user_flow#test_delete_new_user",
  "historyId" : "dcfba081fa3625c734ee66c00a1e84a9",
  "time" : {
    "start" : 1702537569620,
    "stop" : 1702537569841,
    "duration" : 221
  },
  "status" : "failed",
  "statusMessage" : "AssertionError: API response status code: 403\nassert 403 in [200, 201, 202, 203, 204, 205]\n +  where 403 = <Response [403]>.status_code",
  "statusTrace" : "base_url = 'https://api.dev.nerdunited.net'\nauth_token = 'eyJhbGciOiJSUzI1NiIsImtpZCI6ImJlNzgyM2VmMDFiZDRkMmI5NjI3NDE2NThkMjA4MDdlZmVlNmRlNWMiLCJ0eXAiOiJKV1QifQ.eyJhZ3JlZW1lbn...2UoP5W8dH2y3CdE1joYkwkwMIU1YrrPHOMgkVNoT6nbicsX_UGflxHSIV7se-_qb4SMfmD4PRKWQ_TDhrtgx799rOWZDs_gAe7jaK5E_Ki452bhXHr9UyQ'\nconfig = <module 'config' from '/home/runner/work/qa-nerd-core-backend/qa-nerd-core-backend/config.py'>\n\n    def test_delete_new_user(base_url, auth_token, config):\n        global email\n        url = f\"{base_url}{config.MEMBERSHIP_URL}/admin/user-cleanup\"\n        headers = {\"Authorization\": f\"Bearer {auth_token}\"}\n        data = {\"emails\": [email],\n            \"deleteFromDb\": True}\n        response = requests.post(url=url, headers=headers, json=data)\n>       api_response_conditions(response)\n\ntests/test_new_user_flow.py:109: \n_ _ _ _ _ _ _ _ _ _ _ _ _ _ _ _ _ _ _ _ _ _ _ _ _ _ _ _ _ _ _ _ _ _ _ _ _ _ _ _ \n\nresponse = <Response [403]>, test_name = 'test_delete_new_user'\n\n    def api_response_conditions(response, test_name=None):\n        if test_name is None:\n            caller_frame = inspect.currentframe().f_back\n            test_name = caller_frame.f_code.co_name\n        logging.info(f\"=== Starting {test_name} Test ===\")\n        logging.info(f\"API Response: {response.status_code} | {response.text}\")\n        allowed_status_codes = [200, 201, 202, 203, 204, 205]\n    \n        try:\n>           assert response.status_code in allowed_status_codes, f\"API response status code: {response.status_code}\"\nE           AssertionError: API response status code: 403\nE           assert 403 in [200, 201, 202, 203, 204, 205]\nE            +  where 403 = <Response [403]>.status_code\n\nconftest.py:189: AssertionError",
  "flaky" : false,
  "newFailed" : false,
  "beforeStages" : [ {
    "name" : "config",
    "time" : {
      "start" : 1702537565021,
      "stop" : 1702537565021,
      "duration" : 0
    },
    "status" : "passed",
    "steps" : [ ],
    "attachments" : [ ],
    "parameters" : [ ],
    "stepsCount" : 0,
    "attachmentsCount" : 0,
    "shouldDisplayMessage" : false,
    "hasContent" : false
  }, {
    "name" : "environment",
    "time" : {
      "start" : 1702537565021,
      "stop" : 1702537565021,
      "duration" : 0
    },
    "status" : "passed",
    "steps" : [ ],
    "attachments" : [ ],
    "parameters" : [ ],
    "stepsCount" : 0,
    "attachmentsCount" : 0,
    "shouldDisplayMessage" : false,
    "hasContent" : false
  }, {
    "name" : "base_url",
    "time" : {
      "start" : 1702537565457,
      "stop" : 1702537565457,
      "duration" : 0
    },
    "status" : "passed",
    "steps" : [ ],
    "attachments" : [ ],
    "parameters" : [ ],
    "stepsCount" : 0,
    "attachmentsCount" : 0,
    "shouldDisplayMessage" : false,
    "hasContent" : false
  }, {
    "name" : "api_version",
    "time" : {
      "start" : 1702537565458,
      "stop" : 1702537565458,
      "duration" : 0
    },
    "status" : "passed",
    "steps" : [ ],
    "attachments" : [ ],
    "parameters" : [ ],
    "stepsCount" : 0,
    "attachmentsCount" : 0,
    "shouldDisplayMessage" : false,
    "hasContent" : false
  }, {
    "name" : "auth_token",
    "time" : {
      "start" : 1702537569070,
      "stop" : 1702537569619,
      "duration" : 549
    },
    "status" : "passed",
    "steps" : [ ],
    "attachments" : [ ],
    "parameters" : [ ],
    "stepsCount" : 0,
    "attachmentsCount" : 0,
    "shouldDisplayMessage" : false,
    "hasContent" : false
  } ],
  "testStage" : {
    "status" : "failed",
    "statusMessage" : "AssertionError: API response status code: 403\nassert 403 in [200, 201, 202, 203, 204, 205]\n +  where 403 = <Response [403]>.status_code",
    "statusTrace" : "base_url = 'https://api.dev.nerdunited.net'\nauth_token = 'eyJhbGciOiJSUzI1NiIsImtpZCI6ImJlNzgyM2VmMDFiZDRkMmI5NjI3NDE2NThkMjA4MDdlZmVlNmRlNWMiLCJ0eXAiOiJKV1QifQ.eyJhZ3JlZW1lbn...2UoP5W8dH2y3CdE1joYkwkwMIU1YrrPHOMgkVNoT6nbicsX_UGflxHSIV7se-_qb4SMfmD4PRKWQ_TDhrtgx799rOWZDs_gAe7jaK5E_Ki452bhXHr9UyQ'\nconfig = <module 'config' from '/home/runner/work/qa-nerd-core-backend/qa-nerd-core-backend/config.py'>\n\n    def test_delete_new_user(base_url, auth_token, config):\n        global email\n        url = f\"{base_url}{config.MEMBERSHIP_URL}/admin/user-cleanup\"\n        headers = {\"Authorization\": f\"Bearer {auth_token}\"}\n        data = {\"emails\": [email],\n            \"deleteFromDb\": True}\n        response = requests.post(url=url, headers=headers, json=data)\n>       api_response_conditions(response)\n\ntests/test_new_user_flow.py:109: \n_ _ _ _ _ _ _ _ _ _ _ _ _ _ _ _ _ _ _ _ _ _ _ _ _ _ _ _ _ _ _ _ _ _ _ _ _ _ _ _ \n\nresponse = <Response [403]>, test_name = 'test_delete_new_user'\n\n    def api_response_conditions(response, test_name=None):\n        if test_name is None:\n            caller_frame = inspect.currentframe().f_back\n            test_name = caller_frame.f_code.co_name\n        logging.info(f\"=== Starting {test_name} Test ===\")\n        logging.info(f\"API Response: {response.status_code} | {response.text}\")\n        allowed_status_codes = [200, 201, 202, 203, 204, 205]\n    \n        try:\n>           assert response.status_code in allowed_status_codes, f\"API response status code: {response.status_code}\"\nE           AssertionError: API response status code: 403\nE           assert 403 in [200, 201, 202, 203, 204, 205]\nE            +  where 403 = <Response [403]>.status_code\n\nconftest.py:189: AssertionError",
    "steps" : [ ],
    "attachments" : [ {
      "uid" : "dcbec7989f6dfc29",
      "name" : "log",
      "source" : "dcbec7989f6dfc29.txt",
      "type" : "text/plain",
      "size" : 3317
    } ],
    "parameters" : [ ],
    "stepsCount" : 0,
    "attachmentsCount" : 1,
    "shouldDisplayMessage" : true,
    "hasContent" : true
  },
  "afterStages" : [ ],
  "labels" : [ {
    "name" : "parentSuite",
    "value" : "tests"
  }, {
    "name" : "suite",
    "value" : "test_new_user_flow"
  }, {
    "name" : "host",
    "value" : "fv-az987-240"
  }, {
    "name" : "thread",
    "value" : "1803-MainThread"
  }, {
    "name" : "framework",
    "value" : "pytest"
  }, {
    "name" : "language",
    "value" : "cpython3"
  }, {
    "name" : "package",
    "value" : "tests.test_new_user_flow"
  }, {
    "name" : "resultFormat",
    "value" : "allure2"
  } ],
  "parameters" : [ ],
  "links" : [ ],
  "hidden" : false,
  "retry" : false,
  "extra" : {
    "severity" : "normal",
    "retries" : [ ],
    "categories" : [ {
      "name" : "Product defects",
      "matchedStatuses" : [ ],
      "flaky" : false
    } ],
    "tags" : [ ]
  },
  "source" : "11e6db0a7c29a5fd.json",
  "parameterValues" : [ ]
}