{
  "uid" : "c1905a9b5d7c9cb3",
  "name" : "test_create_a_role",
  "fullName" : "tests.test_api_roles#test_create_a_role",
  "historyId" : "fed2748896d010d8c8b26aaf23277179",
  "time" : {
    "start" : 1702883119267,
    "stop" : 1702883119553,
    "duration" : 286
  },
  "status" : "failed",
  "statusMessage" : "AssertionError: API response status code: 401\nassert 401 in [200, 201, 202, 203, 204, 205]\n +  where 401 = <Response [401]>.status_code",
  "statusTrace" : "api_url = 'https://api.dev.nerdunited.net/membership/api'\nauth_token = 'eyJhbGciOiJSUzI1NiIsImtpZCI6ImJlNzgyM2VmMDFiZDRkMmI5NjI3NDE2NThkMjA4MDdlZmVlNmRlNWMiLCJ0eXAiOiJKV1QifQ.eyJhZ3JlZW1lbn...xpz6fy5lbXfxRfa89JKuSLPgNxR_2Esa8tdYjBlsQ0z8GkG7VgNKxfQOI1TY7ba8Q61tSvhLX64H2nVuwUshzlkfUpgFEClMcdtg6u7OgCYIyfzkMfnY_g'\n\n    def test_create_a_role(api_url, auth_token):\n        global role_id\n        url = f\"{api_url}/roles\"\n        data = {\"name\": \"QA Test Role\", \"description\": \"This is a test role.\"}\n        headers = {\"Authorization\": f\"Bearer {auth_token}\"}\n        response = requests.post(url=url, headers=headers, json=data)\n>       api_response_conditions(response)\n\ntests/test_api_roles.py:28: \n_ _ _ _ _ _ _ _ _ _ _ _ _ _ _ _ _ _ _ _ _ _ _ _ _ _ _ _ _ _ _ _ _ _ _ _ _ _ _ _ \n\nresponse = <Response [401]>, test_name = 'test_create_a_role'\n\n    def api_response_conditions(response, test_name=None):\n        if test_name is None:\n            caller_frame = inspect.currentframe().f_back\n            test_name = caller_frame.f_code.co_name\n        logging.info(f\"=== Starting {test_name} Test ===\")\n        logging.info(f\"API Response: {response.status_code} | {response.text}\")\n        allowed_status_codes = [200, 201, 202, 203, 204, 205]\n    \n        try:\n>           assert response.status_code in allowed_status_codes, f\"API response status code: {response.status_code}\"\nE           AssertionError: API response status code: 401\nE           assert 401 in [200, 201, 202, 203, 204, 205]\nE            +  where 401 = <Response [401]>.status_code\n\nconftest.py:189: AssertionError",
  "flaky" : false,
  "newFailed" : false,
  "beforeStages" : [ {
    "name" : "base_url",
    "time" : {
      "start" : 1702883117966,
      "stop" : 1702883117966,
      "duration" : 0
    },
    "status" : "passed",
    "steps" : [ ],
    "attachments" : [ ],
    "parameters" : [ ],
    "stepsCount" : 0,
    "attachmentsCount" : 0,
    "shouldDisplayMessage" : false,
    "hasContent" : false
  }, {
    "name" : "environment",
    "time" : {
      "start" : 1702883117966,
      "stop" : 1702883117966,
      "duration" : 0
    },
    "status" : "passed",
    "steps" : [ ],
    "attachments" : [ ],
    "parameters" : [ ],
    "stepsCount" : 0,
    "attachmentsCount" : 0,
    "shouldDisplayMessage" : false,
    "hasContent" : false
  }, {
    "name" : "api_version",
    "time" : {
      "start" : 1702883117967,
      "stop" : 1702883117967,
      "duration" : 0
    },
    "status" : "passed",
    "steps" : [ ],
    "attachments" : [ ],
    "parameters" : [ ],
    "stepsCount" : 0,
    "attachmentsCount" : 0,
    "shouldDisplayMessage" : false,
    "hasContent" : false
  }, {
    "name" : "auth_token",
    "time" : {
      "start" : 1702883117967,
      "stop" : 1702883118658,
      "duration" : 691
    },
    "status" : "passed",
    "steps" : [ ],
    "attachments" : [ ],
    "parameters" : [ ],
    "stepsCount" : 0,
    "attachmentsCount" : 0,
    "shouldDisplayMessage" : false,
    "hasContent" : false
  }, {
    "name" : "api_url",
    "time" : {
      "start" : 1702883117967,
      "stop" : 1702883117967,
      "duration" : 0
    },
    "status" : "passed",
    "steps" : [ ],
    "attachments" : [ ],
    "parameters" : [ ],
    "stepsCount" : 0,
    "attachmentsCount" : 0,
    "shouldDisplayMessage" : false,
    "hasContent" : false
  }, {
    "name" : "config",
    "time" : {
      "start" : 1702883117967,
      "stop" : 1702883117967,
      "duration" : 0
    },
    "status" : "passed",
    "steps" : [ ],
    "attachments" : [ ],
    "parameters" : [ ],
    "stepsCount" : 0,
    "attachmentsCount" : 0,
    "shouldDisplayMessage" : false,
    "hasContent" : false
  } ],
  "testStage" : {
    "status" : "failed",
    "statusMessage" : "AssertionError: API response status code: 401\nassert 401 in [200, 201, 202, 203, 204, 205]\n +  where 401 = <Response [401]>.status_code",
    "statusTrace" : "api_url = 'https://api.dev.nerdunited.net/membership/api'\nauth_token = 'eyJhbGciOiJSUzI1NiIsImtpZCI6ImJlNzgyM2VmMDFiZDRkMmI5NjI3NDE2NThkMjA4MDdlZmVlNmRlNWMiLCJ0eXAiOiJKV1QifQ.eyJhZ3JlZW1lbn...xpz6fy5lbXfxRfa89JKuSLPgNxR_2Esa8tdYjBlsQ0z8GkG7VgNKxfQOI1TY7ba8Q61tSvhLX64H2nVuwUshzlkfUpgFEClMcdtg6u7OgCYIyfzkMfnY_g'\n\n    def test_create_a_role(api_url, auth_token):\n        global role_id\n        url = f\"{api_url}/roles\"\n        data = {\"name\": \"QA Test Role\", \"description\": \"This is a test role.\"}\n        headers = {\"Authorization\": f\"Bearer {auth_token}\"}\n        response = requests.post(url=url, headers=headers, json=data)\n>       api_response_conditions(response)\n\ntests/test_api_roles.py:28: \n_ _ _ _ _ _ _ _ _ _ _ _ _ _ _ _ _ _ _ _ _ _ _ _ _ _ _ _ _ _ _ _ _ _ _ _ _ _ _ _ \n\nresponse = <Response [401]>, test_name = 'test_create_a_role'\n\n    def api_response_conditions(response, test_name=None):\n        if test_name is None:\n            caller_frame = inspect.currentframe().f_back\n            test_name = caller_frame.f_code.co_name\n        logging.info(f\"=== Starting {test_name} Test ===\")\n        logging.info(f\"API Response: {response.status_code} | {response.text}\")\n        allowed_status_codes = [200, 201, 202, 203, 204, 205]\n    \n        try:\n>           assert response.status_code in allowed_status_codes, f\"API response status code: {response.status_code}\"\nE           AssertionError: API response status code: 401\nE           assert 401 in [200, 201, 202, 203, 204, 205]\nE            +  where 401 = <Response [401]>.status_code\n\nconftest.py:189: AssertionError",
    "steps" : [ ],
    "attachments" : [ {
      "uid" : "f80db33b0c76b817",
      "name" : "log",
      "source" : "f80db33b0c76b817.txt",
      "type" : "text/plain",
      "size" : 734
    } ],
    "parameters" : [ ],
    "stepsCount" : 0,
    "attachmentsCount" : 1,
    "shouldDisplayMessage" : true,
    "hasContent" : true
  },
  "afterStages" : [ ],
  "labels" : [ {
    "name" : "parentSuite",
    "value" : "tests"
  }, {
    "name" : "suite",
    "value" : "test_api_roles"
  }, {
    "name" : "host",
    "value" : "fv-az950-909"
  }, {
    "name" : "thread",
    "value" : "1747-MainThread"
  }, {
    "name" : "framework",
    "value" : "pytest"
  }, {
    "name" : "language",
    "value" : "cpython3"
  }, {
    "name" : "package",
    "value" : "tests.test_api_roles"
  }, {
    "name" : "resultFormat",
    "value" : "allure2"
  } ],
  "parameters" : [ ],
  "links" : [ ],
  "hidden" : false,
  "retry" : false,
  "extra" : {
    "severity" : "normal",
    "retries" : [ ],
    "categories" : [ {
      "name" : "Product defects",
      "matchedStatuses" : [ ],
      "flaky" : false
    } ],
    "tags" : [ ]
  },
  "source" : "c1905a9b5d7c9cb3.json",
  "parameterValues" : [ ]
}