INFO     root:conftest.py:184 === Starting test_create_affiliates Test ===
INFO     root:conftest.py:185 API Response: 403 | 
INFO     root:conftest.py:191 Test 'test_create_affiliates' FAILED.
ERROR    root:conftest.py:192 API response status code: 403
assert 403 in [200, 201, 202, 203, 204, 205]
 +  where 403 = <Response [403]>.status_code
Traceback (most recent call last):
  File "/home/runner/work/qa-nerd-core-backend/qa-nerd-core-backend/conftest.py", line 189, in api_response_conditions
    assert response.status_code in allowed_status_codes, f"API response status code: {response.status_code}"
AssertionError: API response status code: 403
assert 403 in [200, 201, 202, 203, 204, 205]
 +  where 403 = <Response [403]>.status_code