{
  "uid" : "2384afec18c7ab86",
  "name" : "test_delete_new_user",
  "fullName" : "tests.test_new_user_flow#test_delete_new_user",
  "historyId" : "dcfba081fa3625c734ee66c00a1e84a9",
  "time" : {
    "start" : 1702623991382,
    "stop" : 1702623991791,
    "duration" : 409
  },
  "status" : "failed",
  "statusMessage" : "AssertionError: API response status code: 403\nassert 403 in [200, 201, 202, 203, 204, 205]\n +  where 403 = <Response [403]>.status_code",
  "statusTrace" : "base_url = 'https://api.dev.nerdunited.net'\nauth_token = 'eyJhbGciOiJSUzI1NiIsImtpZCI6ImJlNzgyM2VmMDFiZDRkMmI5NjI3NDE2NThkMjA4MDdlZmVlNmRlNWMiLCJ0eXAiOiJKV1QifQ.eyJhZ3JlZW1lbn...XWEmCTwjJQXD7x9t9NAIN_N1_MHUvre3lABPbwR-Cp9_wXVcH8IU6PQkdxcbJ0--ROHsbC36rIuKOn6zOi_Txet03YwWPwlYcDE_al889PPE-Mpi0D8Zrw'\nconfig = <module 'config' from '/home/runner/work/qa-nerd-core-backend/qa-nerd-core-backend/config.py'>\n\n    def test_delete_new_user(base_url, auth_token, config):\n        global email\n        url = f\"{base_url}{config.MEMBERSHIP_URL}/admin/user-cleanup\"\n        headers = {\"Authorization\": f\"Bearer {auth_token}\"}\n        data = {\"emails\": [email],\n            \"deleteFromDb\": True}\n        response = requests.post(url=url, headers=headers, json=data)\n>       api_response_conditions(response)\n\ntests/test_new_user_flow.py:109: \n_ _ _ _ _ _ _ _ _ _ _ _ _ _ _ _ _ _ _ _ _ _ _ _ _ _ _ _ _ _ _ _ _ _ _ _ _ _ _ _ \n\nresponse = <Response [403]>, test_name = 'test_delete_new_user'\n\n    def api_response_conditions(response, test_name=None):\n        if test_name is None:\n            caller_frame = inspect.currentframe().f_back\n            test_name = caller_frame.f_code.co_name\n        logging.info(f\"=== Starting {test_name} Test ===\")\n        logging.info(f\"API Response: {response.status_code} | {response.text}\")\n        allowed_status_codes = [200, 201, 202, 203, 204, 205]\n    \n        try:\n>           assert response.status_code in allowed_status_codes, f\"API response status code: {response.status_code}\"\nE           AssertionError: API response status code: 403\nE           assert 403 in [200, 201, 202, 203, 204, 205]\nE            +  where 403 = <Response [403]>.status_code\n\nconftest.py:189: AssertionError",
  "flaky" : false,
  "newFailed" : false,
  "beforeStages" : [ {
    "name" : "environment",
    "time" : {
      "start" : 1702623984744,
      "stop" : 1702623984745,
      "duration" : 1
    },
    "status" : "passed",
    "steps" : [ ],
    "attachments" : [ ],
    "parameters" : [ ],
    "stepsCount" : 0,
    "attachmentsCount" : 0,
    "shouldDisplayMessage" : false,
    "hasContent" : false
  }, {
    "name" : "config",
    "time" : {
      "start" : 1702623984745,
      "stop" : 1702623984745,
      "duration" : 0
    },
    "status" : "passed",
    "steps" : [ ],
    "attachments" : [ ],
    "parameters" : [ ],
    "stepsCount" : 0,
    "attachmentsCount" : 0,
    "shouldDisplayMessage" : false,
    "hasContent" : false
  }, {
    "name" : "base_url",
    "time" : {
      "start" : 1702623985403,
      "stop" : 1702623985403,
      "duration" : 0
    },
    "status" : "passed",
    "steps" : [ ],
    "attachments" : [ ],
    "parameters" : [ ],
    "stepsCount" : 0,
    "attachmentsCount" : 0,
    "shouldDisplayMessage" : false,
    "hasContent" : false
  }, {
    "name" : "api_version",
    "time" : {
      "start" : 1702623985403,
      "stop" : 1702623985404,
      "duration" : 1
    },
    "status" : "passed",
    "steps" : [ ],
    "attachments" : [ ],
    "parameters" : [ ],
    "stepsCount" : 0,
    "attachmentsCount" : 0,
    "shouldDisplayMessage" : false,
    "hasContent" : false
  }, {
    "name" : "auth_token",
    "time" : {
      "start" : 1702623990520,
      "stop" : 1702623991381,
      "duration" : 861
    },
    "status" : "passed",
    "steps" : [ ],
    "attachments" : [ ],
    "parameters" : [ ],
    "stepsCount" : 0,
    "attachmentsCount" : 0,
    "shouldDisplayMessage" : false,
    "hasContent" : false
  } ],
  "testStage" : {
    "status" : "failed",
    "statusMessage" : "AssertionError: API response status code: 403\nassert 403 in [200, 201, 202, 203, 204, 205]\n +  where 403 = <Response [403]>.status_code",
    "statusTrace" : "base_url = 'https://api.dev.nerdunited.net'\nauth_token = 'eyJhbGciOiJSUzI1NiIsImtpZCI6ImJlNzgyM2VmMDFiZDRkMmI5NjI3NDE2NThkMjA4MDdlZmVlNmRlNWMiLCJ0eXAiOiJKV1QifQ.eyJhZ3JlZW1lbn...XWEmCTwjJQXD7x9t9NAIN_N1_MHUvre3lABPbwR-Cp9_wXVcH8IU6PQkdxcbJ0--ROHsbC36rIuKOn6zOi_Txet03YwWPwlYcDE_al889PPE-Mpi0D8Zrw'\nconfig = <module 'config' from '/home/runner/work/qa-nerd-core-backend/qa-nerd-core-backend/config.py'>\n\n    def test_delete_new_user(base_url, auth_token, config):\n        global email\n        url = f\"{base_url}{config.MEMBERSHIP_URL}/admin/user-cleanup\"\n        headers = {\"Authorization\": f\"Bearer {auth_token}\"}\n        data = {\"emails\": [email],\n            \"deleteFromDb\": True}\n        response = requests.post(url=url, headers=headers, json=data)\n>       api_response_conditions(response)\n\ntests/test_new_user_flow.py:109: \n_ _ _ _ _ _ _ _ _ _ _ _ _ _ _ _ _ _ _ _ _ _ _ _ _ _ _ _ _ _ _ _ _ _ _ _ _ _ _ _ \n\nresponse = <Response [403]>, test_name = 'test_delete_new_user'\n\n    def api_response_conditions(response, test_name=None):\n        if test_name is None:\n            caller_frame = inspect.currentframe().f_back\n            test_name = caller_frame.f_code.co_name\n        logging.info(f\"=== Starting {test_name} Test ===\")\n        logging.info(f\"API Response: {response.status_code} | {response.text}\")\n        allowed_status_codes = [200, 201, 202, 203, 204, 205]\n    \n        try:\n>           assert response.status_code in allowed_status_codes, f\"API response status code: {response.status_code}\"\nE           AssertionError: API response status code: 403\nE           assert 403 in [200, 201, 202, 203, 204, 205]\nE            +  where 403 = <Response [403]>.status_code\n\nconftest.py:189: AssertionError",
    "steps" : [ ],
    "attachments" : [ {
      "uid" : "74d8dd526d7a0e22",
      "name" : "log",
      "source" : "74d8dd526d7a0e22.txt",
      "type" : "text/plain",
      "size" : 3317
    } ],
    "parameters" : [ ],
    "stepsCount" : 0,
    "attachmentsCount" : 1,
    "shouldDisplayMessage" : true,
    "hasContent" : true
  },
  "afterStages" : [ ],
  "labels" : [ {
    "name" : "parentSuite",
    "value" : "tests"
  }, {
    "name" : "suite",
    "value" : "test_new_user_flow"
  }, {
    "name" : "host",
    "value" : "fv-az180-604"
  }, {
    "name" : "thread",
    "value" : "1877-MainThread"
  }, {
    "name" : "framework",
    "value" : "pytest"
  }, {
    "name" : "language",
    "value" : "cpython3"
  }, {
    "name" : "package",
    "value" : "tests.test_new_user_flow"
  }, {
    "name" : "resultFormat",
    "value" : "allure2"
  } ],
  "parameters" : [ ],
  "links" : [ ],
  "hidden" : false,
  "retry" : false,
  "extra" : {
    "severity" : "normal",
    "retries" : [ ],
    "categories" : [ {
      "name" : "Product defects",
      "matchedStatuses" : [ ],
      "flaky" : false
    } ],
    "tags" : [ ]
  },
  "source" : "2384afec18c7ab86.json",
  "parameterValues" : [ ]
}