{
  "uid" : "a44d844da4f2bb02",
  "name" : "test_update_permissions_to_a_role",
  "fullName" : "tests.test_api_roles#test_update_permissions_to_a_role",
  "historyId" : "c58af6f39bb0eba633cc261f95ffed0a",
  "time" : {
    "start" : 1717708715670,
    "stop" : 1717708716034,
    "duration" : 364
  },
  "status" : "failed",
  "statusMessage" : "AssertionError: API response status code: 400\nassert 400 in [200, 201, 202, 203, 204, 205]\n +  where 400 = <Response [400]>.status_code",
  "statusTrace" : "api_url = 'https://api.dev.nerdunited.net/membership/api'\nauth_token = 'eyJhbGciOiJSUzI1NiIsImtpZCI6IjMzMDUxMThiZTBmNTZkYzA4NGE0NmExN2RiNzU1NjVkNzY4YmE2ZmUiLCJ0eXAiOiJKV1QifQ.eyJ0ZW5hbnQiOi...1VO4SvfhUmWhi-RAly5PYlgsEri99nwh4F4U8BRCBSocvZE_wNFZaJ1ZwiKt8fgvK2u-pR7rmJ6_Ye5pq3XKcX9tGhbxtMg36b7BgtkBP0x7IWuo4EEL8g'\n\n    def test_update_permissions_to_a_role(api_url, auth_token):\n        global role_id\n        url = f\"{api_url}/roles/{role_id}/permissions\"\n        data = {\"permissionIds\": [1]}\n        headers = {\"Authorization\": f\"Bearer {auth_token}\"}\n        response = requests.put(url=url, headers=headers, json=data)\n>       api_response_conditions(response)\n\ntests/test_api_roles.py:49: \n_ _ _ _ _ _ _ _ _ _ _ _ _ _ _ _ _ _ _ _ _ _ _ _ _ _ _ _ _ _ _ _ _ _ _ _ _ _ _ _ \n\nresponse = <Response [400]>, test_name = 'test_update_permissions_to_a_role'\n\n    def api_response_conditions(response, test_name=None):\n        if test_name is None:\n            caller_frame = inspect.currentframe().f_back\n            test_name = caller_frame.f_code.co_name\n        logging.info(f\"=== Starting {test_name} Test ===\")\n        logging.info(f\"API Response: {response.status_code} | {response.text}\")\n        allowed_status_codes = [200, 201, 202, 203, 204, 205]\n    \n        try:\n>           assert response.status_code in allowed_status_codes, f\"API response status code: {response.status_code}\"\nE           AssertionError: API response status code: 400\nE           assert 400 in [200, 201, 202, 203, 204, 205]\nE            +  where 400 = <Response [400]>.status_code\n\nconftest.py:207: AssertionError",
  "flaky" : false,
  "newFailed" : false,
  "beforeStages" : [ {
    "name" : "base_url",
    "time" : {
      "start" : 1717708713192,
      "stop" : 1717708713192,
      "duration" : 0
    },
    "status" : "passed",
    "steps" : [ ],
    "attachments" : [ ],
    "parameters" : [ ],
    "stepsCount" : 0,
    "attachmentsCount" : 0,
    "shouldDisplayMessage" : false,
    "hasContent" : false
  }, {
    "name" : "environment",
    "time" : {
      "start" : 1717708713192,
      "stop" : 1717708713192,
      "duration" : 0
    },
    "status" : "passed",
    "steps" : [ ],
    "attachments" : [ ],
    "parameters" : [ ],
    "stepsCount" : 0,
    "attachmentsCount" : 0,
    "shouldDisplayMessage" : false,
    "hasContent" : false
  }, {
    "name" : "config",
    "time" : {
      "start" : 1717708713193,
      "stop" : 1717708713193,
      "duration" : 0
    },
    "status" : "passed",
    "steps" : [ ],
    "attachments" : [ ],
    "parameters" : [ ],
    "stepsCount" : 0,
    "attachmentsCount" : 0,
    "shouldDisplayMessage" : false,
    "hasContent" : false
  }, {
    "name" : "auth_token",
    "time" : {
      "start" : 1717708713193,
      "stop" : 1717708713931,
      "duration" : 738
    },
    "status" : "passed",
    "steps" : [ ],
    "attachments" : [ ],
    "parameters" : [ ],
    "stepsCount" : 0,
    "attachmentsCount" : 0,
    "shouldDisplayMessage" : false,
    "hasContent" : false
  }, {
    "name" : "api_url",
    "time" : {
      "start" : 1717708713193,
      "stop" : 1717708713193,
      "duration" : 0
    },
    "status" : "passed",
    "steps" : [ ],
    "attachments" : [ ],
    "parameters" : [ ],
    "stepsCount" : 0,
    "attachmentsCount" : 0,
    "shouldDisplayMessage" : false,
    "hasContent" : false
  }, {
    "name" : "api_version",
    "time" : {
      "start" : 1717708713193,
      "stop" : 1717708713193,
      "duration" : 0
    },
    "status" : "passed",
    "steps" : [ ],
    "attachments" : [ ],
    "parameters" : [ ],
    "stepsCount" : 0,
    "attachmentsCount" : 0,
    "shouldDisplayMessage" : false,
    "hasContent" : false
  } ],
  "testStage" : {
    "status" : "failed",
    "statusMessage" : "AssertionError: API response status code: 400\nassert 400 in [200, 201, 202, 203, 204, 205]\n +  where 400 = <Response [400]>.status_code",
    "statusTrace" : "api_url = 'https://api.dev.nerdunited.net/membership/api'\nauth_token = 'eyJhbGciOiJSUzI1NiIsImtpZCI6IjMzMDUxMThiZTBmNTZkYzA4NGE0NmExN2RiNzU1NjVkNzY4YmE2ZmUiLCJ0eXAiOiJKV1QifQ.eyJ0ZW5hbnQiOi...1VO4SvfhUmWhi-RAly5PYlgsEri99nwh4F4U8BRCBSocvZE_wNFZaJ1ZwiKt8fgvK2u-pR7rmJ6_Ye5pq3XKcX9tGhbxtMg36b7BgtkBP0x7IWuo4EEL8g'\n\n    def test_update_permissions_to_a_role(api_url, auth_token):\n        global role_id\n        url = f\"{api_url}/roles/{role_id}/permissions\"\n        data = {\"permissionIds\": [1]}\n        headers = {\"Authorization\": f\"Bearer {auth_token}\"}\n        response = requests.put(url=url, headers=headers, json=data)\n>       api_response_conditions(response)\n\ntests/test_api_roles.py:49: \n_ _ _ _ _ _ _ _ _ _ _ _ _ _ _ _ _ _ _ _ _ _ _ _ _ _ _ _ _ _ _ _ _ _ _ _ _ _ _ _ \n\nresponse = <Response [400]>, test_name = 'test_update_permissions_to_a_role'\n\n    def api_response_conditions(response, test_name=None):\n        if test_name is None:\n            caller_frame = inspect.currentframe().f_back\n            test_name = caller_frame.f_code.co_name\n        logging.info(f\"=== Starting {test_name} Test ===\")\n        logging.info(f\"API Response: {response.status_code} | {response.text}\")\n        allowed_status_codes = [200, 201, 202, 203, 204, 205]\n    \n        try:\n>           assert response.status_code in allowed_status_codes, f\"API response status code: {response.status_code}\"\nE           AssertionError: API response status code: 400\nE           assert 400 in [200, 201, 202, 203, 204, 205]\nE            +  where 400 = <Response [400]>.status_code\n\nconftest.py:207: AssertionError",
    "steps" : [ ],
    "attachments" : [ {
      "uid" : "9d818873132e9ba9",
      "name" : "log",
      "source" : "9d818873132e9ba9.txt",
      "type" : "text/plain",
      "size" : 4012
    } ],
    "parameters" : [ ],
    "stepsCount" : 0,
    "attachmentsCount" : 1,
    "shouldDisplayMessage" : true,
    "hasContent" : true
  },
  "afterStages" : [ ],
  "labels" : [ {
    "name" : "parentSuite",
    "value" : "tests"
  }, {
    "name" : "suite",
    "value" : "test_api_roles"
  }, {
    "name" : "host",
    "value" : "fv-az1425-21"
  }, {
    "name" : "thread",
    "value" : "1585-MainThread"
  }, {
    "name" : "framework",
    "value" : "pytest"
  }, {
    "name" : "language",
    "value" : "cpython3"
  }, {
    "name" : "package",
    "value" : "tests.test_api_roles"
  }, {
    "name" : "resultFormat",
    "value" : "allure2"
  } ],
  "parameters" : [ ],
  "links" : [ ],
  "hidden" : false,
  "retry" : false,
  "extra" : {
    "severity" : "normal",
    "retries" : [ ],
    "categories" : [ {
      "name" : "Product defects",
      "matchedStatuses" : [ ],
      "flaky" : false
    } ],
    "tags" : [ ]
  },
  "source" : "a44d844da4f2bb02.json",
  "parameterValues" : [ ]
}